app/build/intermediates/manifest_merge_blame_file/debug/manifest-merger-blame-debug-report.txt
1<?xml version="1.0" encoding="utf-8"?>
2<manifest xmlns:android="http://schemas.android.com/apk/res/android"
3    package="com.example.signuploginrealtime"
4    android:versionCode="1"
5    android:versionName="1.0" >
6
7    <uses-sdk
8        android:minSdkVersion="26"
9        android:targetSdkVersion="34" />
10
11    <uses-permission android:name="android.permission.INTERNET" />
11-->src\main\AndroidManifest.xml:5:5-67
11-->src\main\AndroidManifest.xml:5:22-64
12    <uses-permission android:name="android.permission.ACCESS_NETWORK_STATE" />
12-->src\main\AndroidManifest.xml:6:5-79
12-->src\main\AndroidManifest.xml:6:22-76
13    <uses-permission android:name="android.permission.CAMERA" /> <!-- Don't require camera, as this requires a rear camera. This allows it to work on the Nexus 7 -->
13-->[com.journeyapps:zxing-android-embedded:4.1.0] AndroidManifest.xml:22:5-65
13-->[com.journeyapps:zxing-android-embedded:4.1.0] AndroidManifest.xml:22:22-62
14    <uses-feature
14-->[com.journeyapps:zxing-android-embedded:4.1.0] AndroidManifest.xml:25:5-27:36
15        android:name="android.hardware.camera"
15-->[com.journeyapps:zxing-android-embedded:4.1.0] AndroidManifest.xml:26:9-47
16        android:required="false" />
16-->[com.journeyapps:zxing-android-embedded:4.1.0] AndroidManifest.xml:27:9-33
17    <uses-feature
17-->[com.journeyapps:zxing-android-embedded:4.1.0] AndroidManifest.xml:28:5-30:36
18        android:name="android.hardware.camera.front"
18-->[com.journeyapps:zxing-android-embedded:4.1.0] AndroidManifest.xml:29:9-53
19        android:required="false" /> <!-- TODO replace above two with next line after Android 4.2 -->
19-->[com.journeyapps:zxing-android-embedded:4.1.0] AndroidManifest.xml:30:9-33
20    <!-- <uses-feature android:name="android.hardware.camera.any"/> -->
21    <uses-feature
21-->[com.journeyapps:zxing-android-embedded:4.1.0] AndroidManifest.xml:33:5-35:36
22        android:name="android.hardware.camera.autofocus"
22-->[com.journeyapps:zxing-android-embedded:4.1.0] AndroidManifest.xml:34:9-57
23        android:required="false" />
23-->[com.journeyapps:zxing-android-embedded:4.1.0] AndroidManifest.xml:35:9-33
24    <uses-feature
24-->[com.journeyapps:zxing-android-embedded:4.1.0] AndroidManifest.xml:36:5-38:36
25        android:name="android.hardware.camera.flash"
25-->[com.journeyapps:zxing-android-embedded:4.1.0] AndroidManifest.xml:37:9-53
26        android:required="false" />
26-->[com.journeyapps:zxing-android-embedded:4.1.0] AndroidManifest.xml:38:9-33
27    <uses-feature
27-->[com.journeyapps:zxing-android-embedded:4.1.0] AndroidManifest.xml:39:5-41:36
28        android:name="android.hardware.screen.landscape"
28-->[com.journeyapps:zxing-android-embedded:4.1.0] AndroidManifest.xml:40:9-57
29        android:required="false" />
29-->[com.journeyapps:zxing-android-embedded:4.1.0] AndroidManifest.xml:41:9-33
30    <uses-feature
30-->[com.journeyapps:zxing-android-embedded:4.1.0] AndroidManifest.xml:42:5-44:36
31        android:name="android.hardware.wifi"
31-->[com.journeyapps:zxing-android-embedded:4.1.0] AndroidManifest.xml:43:9-45
32        android:required="false" />
32-->[com.journeyapps:zxing-android-embedded:4.1.0] AndroidManifest.xml:44:9-33
33
34    <permission
34-->[androidx.core:core:1.9.0] AndroidManifest.xml:22:5-24:47
35        android:name="com.example.signuploginrealtime.DYNAMIC_RECEIVER_NOT_EXPORTED_PERMISSION"
35-->[androidx.core:core:1.9.0] AndroidManifest.xml:23:9-81
36        android:protectionLevel="signature" />
36-->[androidx.core:core:1.9.0] AndroidManifest.xml:24:9-44
37
38    <uses-permission android:name="com.example.signuploginrealtime.DYNAMIC_RECEIVER_NOT_EXPORTED_PERMISSION" />
38-->[androidx.core:core:1.9.0] AndroidManifest.xml:26:5-97
38-->[androidx.core:core:1.9.0] AndroidManifest.xml:26:22-94
39
40    <application
40-->src\main\AndroidManifest.xml:8:5-56:19
41        android:allowBackup="true"
41-->src\main\AndroidManifest.xml:9:9-35
42        android:appComponentFactory="androidx.core.app.CoreComponentFactory"
42-->[androidx.core:core:1.9.0] AndroidManifest.xml:28:18-86
43        android:dataExtractionRules="@xml/data_extraction_rules"
43-->src\main\AndroidManifest.xml:10:9-65
44        android:debuggable="true"
45        android:extractNativeLibs="false"
46        android:fullBackupContent="@xml/backup_rules"
46-->src\main\AndroidManifest.xml:11:9-54
47        android:icon="@mipmap/ic_launcher_app_foreground"
47-->src\main\AndroidManifest.xml:12:9-58
48        android:label="Attendace System"
48-->src\main\AndroidManifest.xml:13:9-41
49        android:roundIcon="@mipmap/ic_launcher_round"
49-->src\main\AndroidManifest.xml:14:9-54
50        android:supportsRtl="true"
50-->src\main\AndroidManifest.xml:15:9-35
51        android:testOnly="true"
52        android:theme="@style/Theme.SignupLoginRealtime" >
52-->src\main\AndroidManifest.xml:16:9-57
53        <activity
53-->src\main\AndroidManifest.xml:19:9-21:40
54            android:name="com.example.signuploginrealtime.ScanQR"
54-->src\main\AndroidManifest.xml:20:13-35
55            android:exported="false" />
55-->src\main\AndroidManifest.xml:21:13-37
56        <activity
56-->src\main\AndroidManifest.xml:22:9-28:20
57            android:name="com.example.signuploginrealtime.EditProfileActivity"
57-->src\main\AndroidManifest.xml:23:13-48
58            android:exported="false" >
58-->src\main\AndroidManifest.xml:24:13-37
59            <meta-data
59-->src\main\AndroidManifest.xml:25:13-27:36
60                android:name="android.app.lib_name"
60-->src\main\AndroidManifest.xml:26:17-52
61                android:value="" />
61-->src\main\AndroidManifest.xml:27:17-33
62        </activity>
63        <activity
63-->src\main\AndroidManifest.xml:29:9-40:20
64            android:name="com.example.signuploginrealtime.LoginActivity"
64-->src\main\AndroidManifest.xml:30:13-42
65            android:exported="true" >
65-->src\main\AndroidManifest.xml:31:13-36
66            <intent-filter>
66-->src\main\AndroidManifest.xml:32:13-36:29
67                <action android:name="android.intent.action.MAIN" />
67-->src\main\AndroidManifest.xml:33:17-69
67-->src\main\AndroidManifest.xml:33:25-66
68
69                <category android:name="android.intent.category.LAUNCHER" />
69-->src\main\AndroidManifest.xml:35:17-77
69-->src\main\AndroidManifest.xml:35:27-74
70            </intent-filter>
71
72            <meta-data
72-->src\main\AndroidManifest.xml:25:13-27:36
73                android:name="android.app.lib_name"
73-->src\main\AndroidManifest.xml:26:17-52
74                android:value="" />
74-->src\main\AndroidManifest.xml:27:17-33
75        </activity>
76        <activity
76-->src\main\AndroidManifest.xml:41:9-48:20
77            android:name="com.example.signuploginrealtime.SignupActivity"
77-->src\main\AndroidManifest.xml:42:13-43
78            android:exported="false" >
78-->src\main\AndroidManifest.xml:43:13-37
79            <meta-data
79-->src\main\AndroidManifest.xml:25:13-27:36
80                android:name="android.app.lib_name"
80-->src\main\AndroidManifest.xml:26:17-52
81                android:value="" />
81-->src\main\AndroidManifest.xml:27:17-33
82        </activity>
83        <activity
83-->src\main\AndroidManifest.xml:49:9-55:20
84            android:name="com.example.signuploginrealtime.ProfileActivity"
84-->src\main\AndroidManifest.xml:50:13-44
85            android:exported="false" >
85-->src\main\AndroidManifest.xml:51:13-37
86            <meta-data
86-->src\main\AndroidManifest.xml:25:13-27:36
87                android:name="android.app.lib_name"
87-->src\main\AndroidManifest.xml:26:17-52
88                android:value="" />
88-->src\main\AndroidManifest.xml:27:17-33
89        </activity>
90
91        <service
91-->[com.google.firebase:firebase-database:20.3.0] AndroidManifest.xml:26:9-35:19
92            android:name="com.google.firebase.components.ComponentDiscoveryService"
92-->[com.google.firebase:firebase-database:20.3.0] AndroidManifest.xml:27:13-84
93            android:directBootAware="true"
93-->[com.google.firebase:firebase-common:20.4.2] AndroidManifest.xml:32:13-43
94            android:exported="false" >
94-->[com.google.firebase:firebase-database:20.3.0] AndroidManifest.xml:28:13-37
95            <meta-data
95-->[com.google.firebase:firebase-database:20.3.0] AndroidManifest.xml:29:13-31:85
96                android:name="com.google.firebase.components:com.google.firebase.database.FirebaseDatabaseKtxRegistrar"
96-->[com.google.firebase:firebase-database:20.3.0] AndroidManifest.xml:30:17-120
97                android:value="com.google.firebase.components.ComponentRegistrar" />
97-->[com.google.firebase:firebase-database:20.3.0] AndroidManifest.xml:31:17-82
98            <meta-data
98-->[com.google.firebase:firebase-database:20.3.0] AndroidManifest.xml:32:13-34:85
99                android:name="com.google.firebase.components:com.google.firebase.database.DatabaseRegistrar"
99-->[com.google.firebase:firebase-database:20.3.0] AndroidManifest.xml:33:17-109
100                android:value="com.google.firebase.components.ComponentRegistrar" />
100-->[com.google.firebase:firebase-database:20.3.0] AndroidManifest.xml:34:17-82
101            <meta-data
101-->[com.google.firebase:firebase-common-ktx:20.4.2] AndroidManifest.xml:12:13-14:85
102                android:name="com.google.firebase.components:com.google.firebase.ktx.FirebaseCommonLegacyRegistrar"
102-->[com.google.firebase:firebase-common-ktx:20.4.2] AndroidManifest.xml:13:17-116
103                android:value="com.google.firebase.components.ComponentRegistrar" />
103-->[com.google.firebase:firebase-common-ktx:20.4.2] AndroidManifest.xml:14:17-82
104            <meta-data
104-->[com.google.firebase:firebase-common:20.4.2] AndroidManifest.xml:35:13-37:85
105                android:name="com.google.firebase.components:com.google.firebase.FirebaseCommonKtxRegistrar"
105-->[com.google.firebase:firebase-common:20.4.2] AndroidManifest.xml:36:17-109
106                android:value="com.google.firebase.components.ComponentRegistrar" />
106-->[com.google.firebase:firebase-common:20.4.2] AndroidManifest.xml:37:17-82
107        </service>
108
109        <activity
109-->[com.journeyapps:zxing-android-embedded:4.1.0] AndroidManifest.xml:47:9-53:63
110            android:name="com.journeyapps.barcodescanner.CaptureActivity"
110-->[com.journeyapps:zxing-android-embedded:4.1.0] AndroidManifest.xml:48:13-74
111            android:clearTaskOnLaunch="true"
111-->[com.journeyapps:zxing-android-embedded:4.1.0] AndroidManifest.xml:49:13-45
112            android:screenOrientation="sensorLandscape"
112-->[com.journeyapps:zxing-android-embedded:4.1.0] AndroidManifest.xml:50:13-56
113            android:stateNotNeeded="true"
113-->[com.journeyapps:zxing-android-embedded:4.1.0] AndroidManifest.xml:51:13-42
114            android:theme="@style/zxing_CaptureTheme"
114-->[com.journeyapps:zxing-android-embedded:4.1.0] AndroidManifest.xml:52:13-54
115            android:windowSoftInputMode="stateAlwaysHidden" />
115-->[com.journeyapps:zxing-android-embedded:4.1.0] AndroidManifest.xml:53:13-60
116        <activity
116-->[com.google.android.gms:play-services-base:18.1.0] AndroidManifest.xml:20:9-22:45
117            android:name="com.google.android.gms.common.api.GoogleApiActivity"
117-->[com.google.android.gms:play-services-base:18.1.0] AndroidManifest.xml:20:19-85
118            android:exported="false"
118-->[com.google.android.gms:play-services-base:18.1.0] AndroidManifest.xml:22:19-43
119            android:theme="@android:style/Theme.Translucent.NoTitleBar" />
119-->[com.google.android.gms:play-services-base:18.1.0] AndroidManifest.xml:21:19-78
120
121        <provider
121-->[com.google.firebase:firebase-common:20.4.2] AndroidManifest.xml:23:9-28:39
122            android:name="com.google.firebase.provider.FirebaseInitProvider"
122-->[com.google.firebase:firebase-common:20.4.2] AndroidManifest.xml:24:13-77
123            android:authorities="com.example.signuploginrealtime.firebaseinitprovider"
123-->[com.google.firebase:firebase-common:20.4.2] AndroidManifest.xml:25:13-72
124            android:directBootAware="true"
124-->[com.google.firebase:firebase-common:20.4.2] AndroidManifest.xml:26:13-43
125            android:exported="false"
125-->[com.google.firebase:firebase-common:20.4.2] AndroidManifest.xml:27:13-37
126            android:initOrder="100" />
126-->[com.google.firebase:firebase-common:20.4.2] AndroidManifest.xml:28:13-36
127        <provider
127-->[androidx.emoji2:emoji2:1.2.0] AndroidManifest.xml:24:9-32:20
128            android:name="androidx.startup.InitializationProvider"
128-->[androidx.emoji2:emoji2:1.2.0] AndroidManifest.xml:25:13-67
129            android:authorities="com.example.signuploginrealtime.androidx-startup"
129-->[androidx.emoji2:emoji2:1.2.0] AndroidManifest.xml:26:13-68
130            android:exported="false" >
130-->[androidx.emoji2:emoji2:1.2.0] AndroidManifest.xml:27:13-37
131            <meta-data
131-->[androidx.emoji2:emoji2:1.2.0] AndroidManifest.xml:29:13-31:52
132                android:name="androidx.emoji2.text.EmojiCompatInitializer"
132-->[androidx.emoji2:emoji2:1.2.0] AndroidManifest.xml:30:17-75
133                android:value="androidx.startup" />
133-->[androidx.emoji2:emoji2:1.2.0] AndroidManifest.xml:31:17-49
134            <meta-data
134-->[androidx.lifecycle:lifecycle-process:2.6.1] AndroidManifest.xml:29:13-31:52
135                android:name="androidx.lifecycle.ProcessLifecycleInitializer"
135-->[androidx.lifecycle:lifecycle-process:2.6.1] AndroidManifest.xml:30:17-78
136                android:value="androidx.startup" />
136-->[androidx.lifecycle:lifecycle-process:2.6.1] AndroidManifest.xml:31:17-49
137            <meta-data
137-->[androidx.profileinstaller:profileinstaller:1.3.0] AndroidManifest.xml:29:13-31:52
138                android:name="androidx.profileinstaller.ProfileInstallerInitializer"
138-->[androidx.profileinstaller:profileinstaller:1.3.0] AndroidManifest.xml:30:17-85
139                android:value="androidx.startup" />
139-->[androidx.profileinstaller:profileinstaller:1.3.0] AndroidManifest.xml:31:17-49
140        </provider>
141
142        <meta-data
142-->[com.google.android.gms:play-services-basement:18.1.0] AndroidManifest.xml:21:9-23:69
143            android:name="com.google.android.gms.version"
143-->[com.google.android.gms:play-services-basement:18.1.0] AndroidManifest.xml:22:13-58
144            android:value="@integer/google_play_services_version" />
144-->[com.google.android.gms:play-services-basement:18.1.0] AndroidManifest.xml:23:13-66
145
146        <receiver
146-->[androidx.profileinstaller:profileinstaller:1.3.0] AndroidManifest.xml:34:9-52:20
147            android:name="androidx.profileinstaller.ProfileInstallReceiver"
147-->[androidx.profileinstaller:profileinstaller:1.3.0] AndroidManifest.xml:35:13-76
148            android:directBootAware="false"
148-->[androidx.profileinstaller:profileinstaller:1.3.0] AndroidManifest.xml:36:13-44
149            android:enabled="true"
149-->[androidx.profileinstaller:profileinstaller:1.3.0] AndroidManifest.xml:37:13-35
150            android:exported="true"
150-->[androidx.profileinstaller:profileinstaller:1.3.0] AndroidManifest.xml:38:13-36
151            android:permission="android.permission.DUMP" >
151-->[androidx.profileinstaller:profileinstaller:1.3.0] AndroidManifest.xml:39:13-57
152            <intent-filter>
152-->[androidx.profileinstaller:profileinstaller:1.3.0] AndroidManifest.xml:40:13-42:29
153                <action android:name="androidx.profileinstaller.action.INSTALL_PROFILE" />
153-->[androidx.profileinstaller:profileinstaller:1.3.0] AndroidManifest.xml:41:17-91
153-->[androidx.profileinstaller:profileinstaller:1.3.0] AndroidManifest.xml:41:25-88
154            </intent-filter>
155            <intent-filter>
155-->[androidx.profileinstaller:profileinstaller:1.3.0] AndroidManifest.xml:43:13-45:29
156                <action android:name="androidx.profileinstaller.action.SKIP_FILE" />
156-->[androidx.profileinstaller:profileinstaller:1.3.0] AndroidManifest.xml:44:17-85
156-->[androidx.profileinstaller:profileinstaller:1.3.0] AndroidManifest.xml:44:25-82
157            </intent-filter>
158            <intent-filter>
158-->[androidx.profileinstaller:profileinstaller:1.3.0] AndroidManifest.xml:46:13-48:29
159                <action android:name="androidx.profileinstaller.action.SAVE_PROFILE" />
159-->[androidx.profileinstaller:profileinstaller:1.3.0] AndroidManifest.xml:47:17-88
159-->[androidx.profileinstaller:profileinstaller:1.3.0] AndroidManifest.xml:47:25-85
160            </intent-filter>
161            <intent-filter>
161-->[androidx.profileinstaller:profileinstaller:1.3.0] AndroidManifest.xml:49:13-51:29
162                <action android:name="androidx.profileinstaller.action.BENCHMARK_OPERATION" />
162-->[androidx.profileinstaller:profileinstaller:1.3.0] AndroidManifest.xml:50:17-95
162-->[androidx.profileinstaller:profileinstaller:1.3.0] AndroidManifest.xml:50:25-92
163            </intent-filter>
164        </receiver>
165    </application>
166
167</manifest>